2025-12-30T14:03:20.267+05:30  INFO 18624 --- [TrainBookingApplication] [restartedMain] c.example.IRCTC.TrainBookingApplication  : Starting TrainBookingApplication using Java 17.0.12 with PID 18624 (C:\D\Program and DOC\NewlyPracticeAdv\TrainBookingApplication\target\classes started by HP in C:\D\Program and DOC\NewlyPracticeAdv\TrainBookingApplication)
2025-12-30T14:03:20.277+05:30  INFO 18624 --- [TrainBookingApplication] [restartedMain] c.example.IRCTC.TrainBookingApplication  : No active profile set, falling back to 1 default profile: "default"
2025-12-30T14:03:20.406+05:30  INFO 18624 --- [TrainBookingApplication] [restartedMain] .e.DevToolsPropertyDefaultsPostProcessor : Devtools property defaults active! Set 'spring.devtools.add-properties' to 'false' to disable
2025-12-30T14:03:20.407+05:30  INFO 18624 --- [TrainBookingApplication] [restartedMain] .e.DevToolsPropertyDefaultsPostProcessor : For additional web related logging consider setting the 'logging.level.web' property to 'DEBUG'
2025-12-30T14:03:22.973+05:30  INFO 18624 --- [TrainBookingApplication] [restartedMain] .s.d.r.c.RepositoryConfigurationDelegate : Bootstrapping Spring Data JPA repositories in DEFAULT mode.
2025-12-30T14:03:23.180+05:30  INFO 18624 --- [TrainBookingApplication] [restartedMain] .s.d.r.c.RepositoryConfigurationDelegate : Finished Spring Data repository scanning in 168 ms. Found 3 JPA repository interfaces.
2025-12-30T14:03:26.293+05:30  INFO 18624 --- [TrainBookingApplication] [restartedMain] o.s.b.w.embedded.tomcat.TomcatWebServer  : Tomcat initialized with port 8080 (http)
2025-12-30T14:03:26.346+05:30  INFO 18624 --- [TrainBookingApplication] [restartedMain] o.apache.catalina.core.StandardService   : Starting service [Tomcat]
2025-12-30T14:03:26.347+05:30  INFO 18624 --- [TrainBookingApplication] [restartedMain] o.apache.catalina.core.StandardEngine    : Starting Servlet engine: [Apache Tomcat/10.1.24]
2025-12-30T14:03:26.708+05:30  INFO 18624 --- [TrainBookingApplication] [restartedMain] o.a.c.c.C.[Tomcat].[localhost].[/]       : Initializing Spring embedded WebApplicationContext
2025-12-30T14:03:26.709+05:30  INFO 18624 --- [TrainBookingApplication] [restartedMain] w.s.c.ServletWebServerApplicationContext : Root WebApplicationContext: initialization completed in 6299 ms
2025-12-30T14:03:28.077+05:30  INFO 18624 --- [TrainBookingApplication] [restartedMain] o.hibernate.jpa.internal.util.LogHelper  : HHH000204: Processing PersistenceUnitInfo [name: default]
2025-12-30T14:03:28.427+05:30  INFO 18624 --- [TrainBookingApplication] [restartedMain] org.hibernate.Version                    : HHH000412: Hibernate ORM core version 6.4.8.Final
2025-12-30T14:03:28.641+05:30  INFO 18624 --- [TrainBookingApplication] [restartedMain] o.h.c.internal.RegionFactoryInitiator    : HHH000026: Second-level cache disabled
2025-12-30T14:03:30.405+05:30  INFO 18624 --- [TrainBookingApplication] [restartedMain] o.s.o.j.p.SpringPersistenceUnitInfo      : No LoadTimeWeaver setup: ignoring JPA class transformer
2025-12-30T14:03:30.509+05:30  INFO 18624 --- [TrainBookingApplication] [restartedMain] com.zaxxer.hikari.HikariDataSource       : HikariPool-1 - Starting...
2025-12-30T14:03:31.882+05:30  INFO 18624 --- [TrainBookingApplication] [restartedMain] com.zaxxer.hikari.pool.HikariPool        : HikariPool-1 - Added connection com.mysql.cj.jdbc.ConnectionImpl@3ca661ab
2025-12-30T14:03:31.889+05:30  INFO 18624 --- [TrainBookingApplication] [restartedMain] com.zaxxer.hikari.HikariDataSource       : HikariPool-1 - Start completed.
2025-12-30T14:03:32.142+05:30  WARN 18624 --- [TrainBookingApplication] [restartedMain] org.hibernate.orm.deprecation            : HHH90000025: MySQL8Dialect does not need to be specified explicitly using 'hibernate.dialect' (remove the property setting and it will be selected by default)
2025-12-30T14:03:32.150+05:30  WARN 18624 --- [TrainBookingApplication] [restartedMain] org.hibernate.orm.deprecation            : HHH90000026: MySQL8Dialect has been deprecated; use org.hibernate.dialect.MySQLDialect instead
2025-12-30T14:03:35.180+05:30  INFO 18624 --- [TrainBookingApplication] [restartedMain] o.h.e.t.j.p.i.JtaPlatformInitiator       : HHH000489: No JTA platform available (set 'hibernate.transaction.jta.platform' to enable JTA platform integration)
2025-12-30T14:03:35.459+05:30  INFO 18624 --- [TrainBookingApplication] [restartedMain] j.LocalContainerEntityManagerFactoryBean : Initialized JPA EntityManagerFactory for persistence unit 'default'
2025-12-30T14:03:37.310+05:30  WARN 18624 --- [TrainBookingApplication] [restartedMain] JpaBaseConfiguration$JpaWebConfiguration : spring.jpa.open-in-view is enabled by default. Therefore, database queries may be performed during view rendering. Explicitly configure spring.jpa.open-in-view to disable this warning
2025-12-30T14:03:38.157+05:30  INFO 18624 --- [TrainBookingApplication] [restartedMain] o.s.s.web.DefaultSecurityFilterChain     : Will secure any request with [org.springframework.security.web.session.DisableEncodeUrlFilter@3138f5d, org.springframework.security.web.context.request.async.WebAsyncManagerIntegrationFilter@1f49a3b0, org.springframework.security.web.context.SecurityContextHolderFilter@4b0ec5b0, org.springframework.security.web.header.HeaderWriterFilter@4d906ca6, org.springframework.web.filter.CorsFilter@1c71f66c, org.springframework.security.web.authentication.logout.LogoutFilter@127fe379, com.example.IRCTC.filter.JwtFilter@59395981, org.springframework.security.web.savedrequest.RequestCacheAwareFilter@69bf0561, org.springframework.security.web.servletapi.SecurityContextHolderAwareRequestFilter@16968f16, org.springframework.security.web.authentication.AnonymousAuthenticationFilter@72cd078f, org.springframework.security.web.access.ExceptionTranslationFilter@2b92736, org.springframework.security.web.access.intercept.AuthorizationFilter@165142e5]
2025-12-30T14:03:38.737+05:30  INFO 18624 --- [TrainBookingApplication] [restartedMain] o.s.b.d.a.OptionalLiveReloadServer       : LiveReload server is running on port 35729
2025-12-30T14:03:38.846+05:30  INFO 18624 --- [TrainBookingApplication] [restartedMain] o.s.b.w.embedded.tomcat.TomcatWebServer  : Tomcat started on port 8080 (http) with context path ''
2025-12-30T14:03:38.873+05:30  INFO 18624 --- [TrainBookingApplication] [restartedMain] c.example.IRCTC.TrainBookingApplication  : Started TrainBookingApplication in 19.946 seconds (process running for 21.311)
2025-12-30T14:04:02.468+05:30  INFO 18624 --- [TrainBookingApplication] [http-nio-8080-exec-3] o.a.c.c.C.[Tomcat].[localhost].[/]       : Initializing Spring DispatcherServlet 'dispatcherServlet'
2025-12-30T14:04:02.469+05:30  INFO 18624 --- [TrainBookingApplication] [http-nio-8080-exec-3] o.s.web.servlet.DispatcherServlet        : Initializing Servlet 'dispatcherServlet'
2025-12-30T14:04:02.471+05:30  INFO 18624 --- [TrainBookingApplication] [http-nio-8080-exec-3] o.s.web.servlet.DispatcherServlet        : Completed initialization in 2 ms
2025-12-30T17:50:46.398+05:30  WARN 18624 --- [TrainBookingApplication] [HikariPool-1 housekeeper] com.zaxxer.hikari.pool.HikariPool        : HikariPool-1 - Thread starvation or clock leap detected (housekeeper delta=1h9m11s868ms79µs300ns).
